<?xml version="1.0" encoding="UTF-8"?>
<!-- Generated by org.testng.reporters.JUnitReportReporter -->
<testsuite hostname="AMOL" failures="0" tests="1" name="Runner.TestRunner" time="5.760" errors="0" timestamp="2024-07-04T16:11:56 CEST" skipped="0">
  <testcase classname="Runner.TestRunner" name="runScenario" time="5.760"/>
</testsuite> <!-- Runner.TestRunner -->
