<?xml version="1.0" encoding="UTF-8"?>
<!-- Generated by org.testng.reporters.JUnitReportReporter -->
<testsuite hostname="AMOL" failures="3" tests="11" name="Runner.TestRunner" time="93.104" errors="0" timestamp="2024-07-07T19:34:19 CEST" skipped="0">
  <testcase classname="Runner.TestRunner" name="runScenario" time="4.116">
    <failure message="expected [true] but found [false]" type="java.lang.AssertionError">
      <![CDATA[java.lang.AssertionError: expected [true] but found [false]
at org.testng.Assert.fail(Assert.java:111)
at org.testng.Assert.failNotEquals(Assert.java:1578)
at org.testng.Assert.assertTrue(Assert.java:57)
at org.testng.Assert.assertTrue(Assert.java:67)
at stepdefinations.WelcomeStoreStepDef.i_see_visible_options_option(WelcomeStoreStepDef.java:36)
at ✽.I see visible options under Electronics option(file:///D:/Selenium/Framework/CucumberTestNGFramework/src/test/Resources/Features/WelcomeToStore.feature:14)
]]>
    </failure>
  </testcase> <!-- runScenario -->
  <testcase classname="Runner.TestRunner" name="runScenario" time="11.346"/>
  <testcase classname="Runner.TestRunner" name="runScenario" time="6.127"/>
  <testcase classname="Runner.TestRunner" name="runScenario" time="9.484"/>
  <testcase classname="Runner.TestRunner" name="runScenario" time="9.377"/>
  <testcase classname="Runner.TestRunner" name="runScenario" time="6.587"/>
  <testcase classname="Runner.TestRunner" name="runScenario" time="15.765">
    <failure message="expected:&lt;...emo.nopcommerce.com/[login?returnurl=%2F]&gt; but was:&lt;...emo.nopcommerce.com/[desktops]&gt;" type="org.junit.ComparisonFailure">
      <![CDATA[org.junit.ComparisonFailure: expected:<...emo.nopcommerce.com/[login?returnurl=%2F]> but was:<...emo.nopcommerce.com/[desktops]>
at org.junit.Assert.assertEquals(Assert.java:117)
at org.junit.Assert.assertEquals(Assert.java:146)
at stepdefinations.LoginStepDefination.user_should_successfully_login_to_store(LoginStepDefination.java:65)
at ✽.User should successfully login to store(file:///D:/Selenium/Framework/CucumberTestNGFramework/src/test/Resources/Features/Login.feature:13)
]]>
    </failure>
  </testcase> <!-- runScenario -->
  <testcase classname="Runner.TestRunner" name="runScenario" time="11.579"/>
  <testcase classname="Runner.TestRunner" name="runScenario" time="6.099">
    <failure message="expected [true] but found [false]" type="java.lang.AssertionError">
      <![CDATA[java.lang.AssertionError: expected [true] but found [false]
at org.testng.Assert.fail(Assert.java:111)
at org.testng.Assert.failNotEquals(Assert.java:1578)
at org.testng.Assert.assertTrue(Assert.java:57)
at org.testng.Assert.assertTrue(Assert.java:67)
at stepdefinations.WelcomeStoreStepDef.i_see_visible_options_option(WelcomeStoreStepDef.java:36)
at ✽.I see visible options under Electronics option(file:///D:/Selenium/Framework/CucumberTestNGFramework/src/test/Resources/Features/WelcomeToStore.feature:14)
]]>
    </failure>
  </testcase> <!-- runScenario -->
  <testcase classname="Runner.TestRunner" name="runScenario" time="6.407"/>
  <testcase classname="Runner.TestRunner" name="runScenario" time="6.217"/>
</testsuite> <!-- Runner.TestRunner -->
